The target system is: Android - 1 - armv7-a
The host system is: Linux - 6.8.0-1027-azure - x86_64
Compiling the C compiler identification source file "CMakeCCompilerId.c" succeeded.
Compiler: /root/.buildozer/android/platform/android-ndk-r25b-linux/toolchains/llvm/prebuilt/linux-x86_64/bin/clang 
Build flags: -g;-DANDROID;-fdata-sections;-ffunction-sections;-funwind-tables;-fstack-protector-strong;-no-canonical-prefixes;-D_FORTIFY_SOURCE=2;-march=armv7-a;-mthumb;-Wformat;-Werror=format-security;
Id flags: -c;--target=armv7-none-linux-androideabi19 

The output was:
0


Compilation of the C compiler identification source "CMakeCCompilerId.c" produced "CMakeCCompilerId.o"

The C compiler identification is Clang, found in "/src/.buildozer/android/platform/build-armeabi-v7a/build/other_builds/jpeg/armeabi-v7a__ndk_target_21/jpeg/CMakeFiles/3.22.1/CompilerIdC/CMakeCCompilerId.o"

Detecting C compiler ABI info compiled with the following output:
Change Dir: /src/.buildozer/android/platform/build-armeabi-v7a/build/other_builds/jpeg/armeabi-v7a__ndk_target_21/jpeg/CMakeFiles/CMakeTmp

Run Build Command(s):/usr/bin/gmake -f Makefile cmTC_f4736/fast && make -j2  -f CMakeFiles/cmTC_f4736.dir/build.make CMakeFiles/cmTC_f4736.dir/build
make[1]: Entering directory '/src/.buildozer/android/platform/build-armeabi-v7a/build/other_builds/jpeg/armeabi-v7a__ndk_target_21/jpeg/CMakeFiles/CMakeTmp'
Building C object CMakeFiles/cmTC_f4736.dir/CMakeCCompilerABI.c.o
/root/.buildozer/android/platform/android-ndk-r25b-linux/toolchains/llvm/prebuilt/linux-x86_64/bin/clang --target=armv7-none-linux-androideabi19 --sysroot=/root/.buildozer/android/platform/android-ndk-r25b-linux/toolchains/llvm/prebuilt/linux-x86_64/sysroot   -g -DANDROID -fdata-sections -ffunction-sections -funwind-tables -fstack-protector-strong -no-canonical-prefixes -D_FORTIFY_SOURCE=2 -march=armv7-a -mthumb -Wformat   -fPIE   -v -MD -MT CMakeFiles/cmTC_f4736.dir/CMakeCCompilerABI.c.o -MF CMakeFiles/cmTC_f4736.dir/CMakeCCompilerABI.c.o.d -o CMakeFiles/cmTC_f4736.dir/CMakeCCompilerABI.c.o -c /usr/share/cmake-3.22/Modules/CMakeCCompilerABI.c
Android (8490178, based on r450784d) clang version 14.0.6 (https://android.googlesource.com/toolchain/llvm-project 4c603efb0cca074e9238af8b4106c30add4418f6)
Target: armv7-none-linux-android19
Thread model: posix
InstalledDir: /root/.buildozer/android/platform/android-ndk-r25b-linux/toolchains/llvm/prebuilt/linux-x86_64/bin
 (in-process)
 "/root/.buildozer/android/platform/android-ndk-r25b-linux/toolchains/llvm/prebuilt/linux-x86_64/bin/clang" -cc1 -triple thumbv7-none-linux-android19 -emit-obj -mrelax-all --mrelax-relocations -disable-free -clear-ast-before-backend -disable-llvm-verifier -discard-value-names -main-file-name CMakeCCompilerABI.c -mrelocation-model pic -pic-level 2 -pic-is-pie -mframe-pointer=all -ffp-contract=on -fno-rounding-math -mconstructor-aliases -funwind-tables=1 -target-cpu generic -target-feature +soft-float-abi -target-feature +vfp2 -target-feature +vfp2sp -target-feature +vfp3 -target-feature +vfp3d16 -target-feature +vfp3d16sp -target-feature +vfp3sp -target-feature -fp16 -target-feature -vfp4 -target-feature -vfp4d16 -target-feature -vfp4d16sp -target-feature -vfp4sp -target-feature -fp-armv8 -target-feature -fp-armv8d16 -target-feature -fp-armv8d16sp -target-feature -fp-armv8sp -target-feature -fullfp16 -target-feature +fp64 -target-feature +d32 -target-feature +neon -target-feature -sha2 -target-feature -aes -target-feature -fp16fml -target-abi aapcs-linux -mfloat-abi soft -fallow-half-arguments-and-returns -mllvm -treat-scalable-fixed-error-as-warning -debug-info-kind=constructor -dwarf-version=4 -debugger-tuning=gdb -v -ffunction-sections -fdata-sections -fcoverage-compilation-dir=/src/.buildozer/android/platform/build-armeabi-v7a/build/other_builds/jpeg/armeabi-v7a__ndk_target_21/jpeg/CMakeFiles/CMakeTmp -resource-dir /root/.buildozer/android/platform/android-ndk-r25b-linux/toolchains/llvm/prebuilt/linux-x86_64/lib64/clang/14.0.6 -dependency-file CMakeFiles/cmTC_f4736.dir/CMakeCCompilerABI.c.o.d -MT CMakeFiles/cmTC_f4736.dir/CMakeCCompilerABI.c.o -sys-header-deps -D ANDROID -D _FORTIFY_SOURCE=2 -isysroot /root/.buildozer/android/platform/android-ndk-r25b-linux/toolchains/llvm/prebuilt/linux-x86_64/sysroot -internal-isystem /root/.buildozer/android/platform/android-ndk-r25b-linux/toolchains/llvm/prebuilt/linux-x86_64/lib64/clang/14.0.6/include -internal-isystem /root/.buildozer/android/platform/android-ndk-r25b-linux/toolchains/llvm/prebuilt/linux-x86_64/sysroot/usr/local/include -internal-externc-isystem /root/.buildozer/android/platform/android-ndk-r25b-linux/toolchains/llvm/prebuilt/linux-x86_64/sysroot/usr/include/arm-linux-androideabi -internal-externc-isystem /root/.buildozer/android/platform/android-ndk-r25b-linux/toolchains/llvm/prebuilt/linux-x86_64/sysroot/include -internal-externc-isystem /root/.buildozer/android/platform/android-ndk-r25b-linux/toolchains/llvm/prebuilt/linux-x86_64/sysroot/usr/include -Wformat -fdebug-compilation-dir=/src/.buildozer/android/platform/build-armeabi-v7a/build/other_builds/jpeg/armeabi-v7a__ndk_target_21/jpeg/CMakeFiles/CMakeTmp -ferror-limit 19 -stack-protector 2 -fno-signed-char -fgnuc-version=4.2.1 -D__GCC_HAVE_DWARF2_CFI_ASM=1 -o CMakeFiles/cmTC_f4736.dir/CMakeCCompilerABI.c.o -x c /usr/share/cmake-3.22/Modules/CMakeCCompilerABI.c
clang -cc1 version 14.0.6 based upon LLVM 14.0.6git default target x86_64-unknown-linux-gnu
ignoring nonexistent directory "/root/.buildozer/android/platform/android-ndk-r25b-linux/toolchains/llvm/prebuilt/linux-x86_64/sysroot/include"
#include "..." search starts here:
#include <...> search starts here:
 /root/.buildozer/android/platform/android-ndk-r25b-linux/toolchains/llvm/prebuilt/linux-x86_64/lib64/clang/14.0.6/include
 /root/.buildozer/android/platform/android-ndk-r25b-linux/toolchains/llvm/prebuilt/linux-x86_64/sysroot/usr/local/include
 /root/.buildozer/android/platform/android-ndk-r25b-linux/toolchains/llvm/prebuilt/linux-x86_64/sysroot/usr/include/arm-linux-androideabi
 /root/.buildozer/android/platform/android-ndk-r25b-linux/toolchains/llvm/prebuilt/linux-x86_64/sysroot/usr/include
End of search list.
Linking C executable cmTC_f4736
/usr/bin/cmake -E cmake_link_script CMakeFiles/cmTC_f4736.dir/link.txt --verbose=1
/root/.buildozer/android/platform/android-ndk-r25b-linux/toolchains/llvm/prebuilt/linux-x86_64/bin/clang --target=armv7-none-linux-androideabi19 --sysroot=/root/.buildozer/android/platform/android-ndk-r25b-linux/toolchains/llvm/prebuilt/linux-x86_64/sysroot -g -DANDROID -fdata-sections -ffunction-sections -funwind-tables -fstack-protector-strong -no-canonical-prefixes -D_FORTIFY_SOURCE=2 -march=armv7-a -mthumb -Wformat   -static-libstdc++ -Wl,--build-id=sha1 -Wl,--no-rosegment -Wl,--fatal-warnings -Wl,--gc-sections -Wl,--no-undefined -Qunused-arguments -Wl,--gc-sections  -v CMakeFiles/cmTC_f4736.dir/CMakeCCompilerABI.c.o -o cmTC_f4736 
Android (8490178, based on r450784d) clang version 14.0.6 (https://android.googlesource.com/toolchain/llvm-project 4c603efb0cca074e9238af8b4106c30add4418f6)
Target: armv7-none-linux-android19
Thread model: posix
InstalledDir: /root/.buildozer/android/platform/android-ndk-r25b-linux/toolchains/llvm/prebuilt/linux-x86_64/bin
 "/root/.buildozer/android/platform/android-ndk-r25b-linux/toolchains/llvm/prebuilt/linux-x86_64/bin/ld" --sysroot=/root/.buildozer/android/platform/android-ndk-r25b-linux/toolchains/llvm/prebuilt/linux-x86_64/sysroot -pie -EL --warn-shared-textrel -z now -z relro -z max-page-size=4096 -X --hash-style=gnu --hash-style=both --enable-new-dtags --eh-frame-hdr -m armelf_linux_eabi -dynamic-linker /system/bin/linker -o cmTC_f4736 /root/.buildozer/android/platform/android-ndk-r25b-linux/toolchains/llvm/prebuilt/linux-x86_64/sysroot/usr/lib/arm-linux-androideabi/19/crtbegin_dynamic.o -L/root/.buildozer/android/platform/android-ndk-r25b-linux/toolchains/llvm/prebuilt/linux-x86_64/lib64/clang/14.0.6/lib/linux/arm -L/root/.buildozer/android/platform/android-ndk-r25b-linux/toolchains/llvm/prebuilt/linux-x86_64/sysroot/usr/lib/arm-linux-androideabi/19 -L/root/.buildozer/android/platform/android-ndk-r25b-linux/toolchains/llvm/prebuilt/linux-x86_64/sysroot/usr/lib/arm-linux-androideabi -L/root/.buildozer/android/platform/android-ndk-r25b-linux/toolchains/llvm/prebuilt/linux-x86_64/sysroot/usr/lib/../lib -L/root/.buildozer/android/platform/android-ndk-r25b-linux/toolchains/llvm/prebuilt/linux-x86_64/sysroot/usr/lib --build-id=sha1 --no-rosegment --fatal-warnings --gc-sections --no-undefined --gc-sections CMakeFiles/cmTC_f4736.dir/CMakeCCompilerABI.c.o /root/.buildozer/android/platform/android-ndk-r25b-linux/toolchains/llvm/prebuilt/linux-x86_64/lib64/clang/14.0.6/lib/linux/libclang_rt.builtins-arm-android.a -l:libunwind.a -ldl -lc /root/.buildozer/android/platform/android-ndk-r25b-linux/toolchains/llvm/prebuilt/linux-x86_64/lib64/clang/14.0.6/lib/linux/libclang_rt.builtins-arm-android.a -l:libunwind.a -ldl /root/.buildozer/android/platform/android-ndk-r25b-linux/toolchains/llvm/prebuilt/linux-x86_64/sysroot/usr/lib/arm-linux-androideabi/19/crtend_android.o
make[1]: Leaving directory '/src/.buildozer/android/platform/build-armeabi-v7a/build/other_builds/jpeg/armeabi-v7a__ndk_target_21/jpeg/CMakeFiles/CMakeTmp'



Parsed C implicit include dir info from above output: rv=done
  found start of include info
  found start of implicit include info
    add: [/root/.buildozer/android/platform/android-ndk-r25b-linux/toolchains/llvm/prebuilt/linux-x86_64/lib64/clang/14.0.6/include]
    add: [/root/.buildozer/android/platform/android-ndk-r25b-linux/toolchains/llvm/prebuilt/linux-x86_64/sysroot/usr/local/include]
    add: [/root/.buildozer/android/platform/android-ndk-r25b-linux/toolchains/llvm/prebuilt/linux-x86_64/sysroot/usr/include/arm-linux-androideabi]
    add: [/root/.buildozer/android/platform/android-ndk-r25b-linux/toolchains/llvm/prebuilt/linux-x86_64/sysroot/usr/include]
  end of search list found
  collapse include dir [/root/.buildozer/android/platform/android-ndk-r25b-linux/toolchains/llvm/prebuilt/linux-x86_64/lib64/clang/14.0.6/include] ==> [/root/.buildozer/android/platform/android-ndk-r25b-linux/toolchains/llvm/prebuilt/linux-x86_64/lib64/clang/14.0.6/include]
  collapse include dir [/root/.buildozer/android/platform/android-ndk-r25b-linux/toolchains/llvm/prebuilt/linux-x86_64/sysroot/usr/local/include] ==> [/root/.buildozer/android/platform/android-ndk-r25b-linux/toolchains/llvm/prebuilt/linux-x86_64/sysroot/usr/local/include]
  collapse include dir [/root/.buildozer/android/platform/android-ndk-r25b-linux/toolchains/llvm/prebuilt/linux-x86_64/sysroot/usr/include/arm-linux-androideabi] ==> [/root/.buildozer/android/platform/android-ndk-r25b-linux/toolchains/llvm/prebuilt/linux-x86_64/sysroot/usr/include/arm-linux-androideabi]
  collapse include dir [/root/.buildozer/android/platform/android-ndk-r25b-linux/toolchains/llvm/prebuilt/linux-x86_64/sysroot/usr/include] ==> [/root/.buildozer/android/platform/android-ndk-r25b-linux/toolchains/llvm/prebuilt/linux-x86_64/sysroot/usr/include]
  implicit include dirs: [/root/.buildozer/android/platform/android-ndk-r25b-linux/toolchains/llvm/prebuilt/linux-x86_64/lib64/clang/14.0.6/include;/root/.buildozer/android/platform/android-ndk-r25b-linux/toolchains/llvm/prebuilt/linux-x86_64/sysroot/usr/local/include;/root/.buildozer/android/platform/android-ndk-r25b-linux/toolchains/llvm/prebuilt/linux-x86_64/sysroot/usr/include/arm-linux-androideabi;/root/.buildozer/android/platform/android-ndk-r25b-linux/toolchains/llvm/prebuilt/linux-x86_64/sysroot/usr/include]


Parsed C implicit link information from above output:
  link line regex: [^( *|.*[/\])(ld\.lld|CMAKE_LINK_STARTFILE-NOTFOUND|([^/\]+-)?ld|collect2)[^/\]*( |$)]
  ignore line: [Change Dir: /src/.buildozer/android/platform/build-armeabi-v7a/build/other_builds/jpeg/armeabi-v7a__ndk_target_21/jpeg/CMakeFiles/CMakeTmp]
  ignore line: []
  ignore line: [Run Build Command(s):/usr/bin/gmake -f Makefile cmTC_f4736/fast && make -j2  -f CMakeFiles/cmTC_f4736.dir/build.make CMakeFiles/cmTC_f4736.dir/build]
  ignore line: [make[1]: Entering directory '/src/.buildozer/android/platform/build-armeabi-v7a/build/other_builds/jpeg/armeabi-v7a__ndk_target_21/jpeg/CMakeFiles/CMakeTmp']
  ignore line: [Building C object CMakeFiles/cmTC_f4736.dir/CMakeCCompilerABI.c.o]
  ignore line: [/root/.buildozer/android/platform/android-ndk-r25b-linux/toolchains/llvm/prebuilt/linux-x86_64/bin/clang --target=armv7-none-linux-androideabi19 --sysroot=/root/.buildozer/android/platform/android-ndk-r25b-linux/toolchains/llvm/prebuilt/linux-x86_64/sysroot   -g -DANDROID -fdata-sections -ffunction-sections -funwind-tables -fstack-protector-strong -no-canonical-prefixes -D_FORTIFY_SOURCE=2 -march=armv7-a -mthumb -Wformat   -fPIE   -v -MD -MT CMakeFiles/cmTC_f4736.dir/CMakeCCompilerABI.c.o -MF CMakeFiles/cmTC_f4736.dir/CMakeCCompilerABI.c.o.d -o CMakeFiles/cmTC_f4736.dir/CMakeCCompilerABI.c.o -c /usr/share/cmake-3.22/Modules/CMakeCCompilerABI.c]
  ignore line: [Android (8490178  based on r450784d) clang version 14.0.6 (https://android.googlesource.com/toolchain/llvm-project 4c603efb0cca074e9238af8b4106c30add4418f6)]
  ignore line: [Target: armv7-none-linux-android19]
  ignore line: [Thread model: posix]
  ignore line: [InstalledDir: /root/.buildozer/android/platform/android-ndk-r25b-linux/toolchains/llvm/prebuilt/linux-x86_64/bin]
  ignore line: [ (in-process)]
  ignore line: [ "/root/.buildozer/android/platform/android-ndk-r25b-linux/toolchains/llvm/prebuilt/linux-x86_64/bin/clang" -cc1 -triple thumbv7-none-linux-android19 -emit-obj -mrelax-all --mrelax-relocations -disable-free -clear-ast-before-backend -disable-llvm-verifier -discard-value-names -main-file-name CMakeCCompilerABI.c -mrelocation-model pic -pic-level 2 -pic-is-pie -mframe-pointer=all -ffp-contract=on -fno-rounding-math -mconstructor-aliases -funwind-tables=1 -target-cpu generic -target-feature +soft-float-abi -target-feature +vfp2 -target-feature +vfp2sp -target-feature +vfp3 -target-feature +vfp3d16 -target-feature +vfp3d16sp -target-feature +vfp3sp -target-feature -fp16 -target-feature -vfp4 -target-feature -vfp4d16 -target-feature -vfp4d16sp -target-feature -vfp4sp -target-feature -fp-armv8 -target-feature -fp-armv8d16 -target-feature -fp-armv8d16sp -target-feature -fp-armv8sp -target-feature -fullfp16 -target-feature +fp64 -target-feature +d32 -target-feature +neon -target-feature -sha2 -target-feature -aes -target-feature -fp16fml -target-abi aapcs-linux -mfloat-abi soft -fallow-half-arguments-and-returns -mllvm -treat-scalable-fixed-error-as-warning -debug-info-kind=constructor -dwarf-version=4 -debugger-tuning=gdb -v -ffunction-sections -fdata-sections -fcoverage-compilation-dir=/src/.buildozer/android/platform/build-armeabi-v7a/build/other_builds/jpeg/armeabi-v7a__ndk_target_21/jpeg/CMakeFiles/CMakeTmp -resource-dir /root/.buildozer/android/platform/android-ndk-r25b-linux/toolchains/llvm/prebuilt/linux-x86_64/lib64/clang/14.0.6 -dependency-file CMakeFiles/cmTC_f4736.dir/CMakeCCompilerABI.c.o.d -MT CMakeFiles/cmTC_f4736.dir/CMakeCCompilerABI.c.o -sys-header-deps -D ANDROID -D _FORTIFY_SOURCE=2 -isysroot /root/.buildozer/android/platform/android-ndk-r25b-linux/toolchains/llvm/prebuilt/linux-x86_64/sysroot -internal-isystem /root/.buildozer/android/platform/android-ndk-r25b-linux/toolchains/llvm/prebuilt/linux-x86_64/lib64/clang/14.0.6/include -internal-isystem /root/.buildozer/android/platform/android-ndk-r25b-linux/toolchains/llvm/prebuilt/linux-x86_64/sysroot/usr/local/include -internal-externc-isystem /root/.buildozer/android/platform/android-ndk-r25b-linux/toolchains/llvm/prebuilt/linux-x86_64/sysroot/usr/include/arm-linux-androideabi -internal-externc-isystem /root/.buildozer/android/platform/android-ndk-r25b-linux/toolchains/llvm/prebuilt/linux-x86_64/sysroot/include -internal-externc-isystem /root/.buildozer/android/platform/android-ndk-r25b-linux/toolchains/llvm/prebuilt/linux-x86_64/sysroot/usr/include -Wformat -fdebug-compilation-dir=/src/.buildozer/android/platform/build-armeabi-v7a/build/other_builds/jpeg/armeabi-v7a__ndk_target_21/jpeg/CMakeFiles/CMakeTmp -ferror-limit 19 -stack-protector 2 -fno-signed-char -fgnuc-version=4.2.1 -D__GCC_HAVE_DWARF2_CFI_ASM=1 -o CMakeFiles/cmTC_f4736.dir/CMakeCCompilerABI.c.o -x c /usr/share/cmake-3.22/Modules/CMakeCCompilerABI.c]
  ignore line: [clang -cc1 version 14.0.6 based upon LLVM 14.0.6git default target x86_64-unknown-linux-gnu]
  ignore line: [ignoring nonexistent directory "/root/.buildozer/android/platform/android-ndk-r25b-linux/toolchains/llvm/prebuilt/linux-x86_64/sysroot/include"]
  ignore line: [#include "..." search starts here:]
  ignore line: [#include <...> search starts here:]
  ignore line: [ /root/.buildozer/android/platform/android-ndk-r25b-linux/toolchains/llvm/prebuilt/linux-x86_64/lib64/clang/14.0.6/include]
  ignore line: [ /root/.buildozer/android/platform/android-ndk-r25b-linux/toolchains/llvm/prebuilt/linux-x86_64/sysroot/usr/local/include]
  ignore line: [ /root/.buildozer/android/platform/android-ndk-r25b-linux/toolchains/llvm/prebuilt/linux-x86_64/sysroot/usr/include/arm-linux-androideabi]
  ignore line: [ /root/.buildozer/android/platform/android-ndk-r25b-linux/toolchains/llvm/prebuilt/linux-x86_64/sysroot/usr/include]
  ignore line: [End of search list.]
  ignore line: [Linking C executable cmTC_f4736]
  ignore line: [/usr/bin/cmake -E cmake_link_script CMakeFiles/cmTC_f4736.dir/link.txt --verbose=1]
  ignore line: [/root/.buildozer/android/platform/android-ndk-r25b-linux/toolchains/llvm/prebuilt/linux-x86_64/bin/clang --target=armv7-none-linux-androideabi19 --sysroot=/root/.buildozer/android/platform/android-ndk-r25b-linux/toolchains/llvm/prebuilt/linux-x86_64/sysroot -g -DANDROID -fdata-sections -ffunction-sections -funwind-tables -fstack-protector-strong -no-canonical-prefixes -D_FORTIFY_SOURCE=2 -march=armv7-a -mthumb -Wformat   -static-libstdc++ -Wl --build-id=sha1 -Wl --no-rosegment -Wl --fatal-warnings -Wl --gc-sections -Wl --no-undefined -Qunused-arguments -Wl --gc-sections  -v CMakeFiles/cmTC_f4736.dir/CMakeCCompilerABI.c.o -o cmTC_f4736 ]
  ignore line: [Android (8490178  based on r450784d) clang version 14.0.6 (https://android.googlesource.com/toolchain/llvm-project 4c603efb0cca074e9238af8b4106c30add4418f6)]
  ignore line: [Target: armv7-none-linux-android19]
  ignore line: [Thread model: posix]
  ignore line: [InstalledDir: /root/.buildozer/android/platform/android-ndk-r25b-linux/toolchains/llvm/prebuilt/linux-x86_64/bin]
  link line: [ "/root/.buildozer/android/platform/android-ndk-r25b-linux/toolchains/llvm/prebuilt/linux-x86_64/bin/ld" --sysroot=/root/.buildozer/android/platform/android-ndk-r25b-linux/toolchains/llvm/prebuilt/linux-x86_64/sysroot -pie -EL --warn-shared-textrel -z now -z relro -z max-page-size=4096 -X --hash-style=gnu --hash-style=both --enable-new-dtags --eh-frame-hdr -m armelf_linux_eabi -dynamic-linker /system/bin/linker -o cmTC_f4736 /root/.buildozer/android/platform/android-ndk-r25b-linux/toolchains/llvm/prebuilt/linux-x86_64/sysroot/usr/lib/arm-linux-androideabi/19/crtbegin_dynamic.o -L/root/.buildozer/android/platform/android-ndk-r25b-linux/toolchains/llvm/prebuilt/linux-x86_64/lib64/clang/14.0.6/lib/linux/arm -L/root/.buildozer/android/platform/android-ndk-r25b-linux/toolchains/llvm/prebuilt/linux-x86_64/sysroot/usr/lib/arm-linux-androideabi/19 -L/root/.buildozer/android/platform/android-ndk-r25b-linux/toolchains/llvm/prebuilt/linux-x86_64/sysroot/usr/lib/arm-linux-androideabi -L/root/.buildozer/android/platform/android-ndk-r25b-linux/toolchains/llvm/prebuilt/linux-x86_64/sysroot/usr/lib/../lib -L/root/.buildozer/android/platform/android-ndk-r25b-linux/toolchains/llvm/prebuilt/linux-x86_64/sysroot/usr/lib --build-id=sha1 --no-rosegment --fatal-warnings --gc-sections --no-undefined --gc-sections CMakeFiles/cmTC_f4736.dir/CMakeCCompilerABI.c.o /root/.buildozer/android/platform/android-ndk-r25b-linux/toolchains/llvm/prebuilt/linux-x86_64/lib64/clang/14.0.6/lib/linux/libclang_rt.builtins-arm-android.a -l:libunwind.a -ldl -lc /root/.buildozer/android/platform/android-ndk-r25b-linux/toolchains/llvm/prebuilt/linux-x86_64/lib64/clang/14.0.6/lib/linux/libclang_rt.builtins-arm-android.a -l:libunwind.a -ldl /root/.buildozer/android/platform/android-ndk-r25b-linux/toolchains/llvm/prebuilt/linux-x86_64/sysroot/usr/lib/arm-linux-androideabi/19/crtend_android.o]
    arg [/root/.buildozer/android/platform/android-ndk-r25b-linux/toolchains/llvm/prebuilt/linux-x86_64/bin/ld] ==> ignore
    arg [--sysroot=/root/.buildozer/android/platform/android-ndk-r25b-linux/toolchains/llvm/prebuilt/linux-x86_64/sysroot] ==> ignore
    arg [-pie] ==> ignore
    arg [-EL] ==> ignore
    arg [--warn-shared-textrel] ==> ignore
    arg [-znow] ==> ignore
    arg [-zrelro] ==> ignore
    arg [-zmax-page-size=4096] ==> ignore
    arg [-X] ==> ignore
    arg [--hash-style=gnu] ==> ignore
    arg [--hash-style=both] ==> ignore
    arg [--enable-new-dtags] ==> ignore
    arg [--eh-frame-hdr] ==> ignore
    arg [-m] ==> ignore
    arg [armelf_linux_eabi] ==> ignore
    arg [-dynamic-linker] ==> ignore
    arg [/system/bin/linker] ==> ignore
    arg [-o] ==> ignore
    arg [cmTC_f4736] ==> ignore
    arg [/root/.buildozer/android/platform/android-ndk-r25b-linux/toolchains/llvm/prebuilt/linux-x86_64/sysroot/usr/lib/arm-linux-androideabi/19/crtbegin_dynamic.o] ==> obj [/root/.buildozer/android/platform/android-ndk-r25b-linux/toolchains/llvm/prebuilt/linux-x86_64/sysroot/usr/lib/arm-linux-androideabi/19/crtbegin_dynamic.o]
    arg [-L/root/.buildozer/android/platform/android-ndk-r25b-linux/toolchains/llvm/prebuilt/linux-x86_64/lib64/clang/14.0.6/lib/linux/arm] ==> dir [/root/.buildozer/android/platform/android-ndk-r25b-linux/toolchains/llvm/prebuilt/linux-x86_64/lib64/clang/14.0.6/lib/linux/arm]
    arg [-L/root/.buildozer/android/platform/android-ndk-r25b-linux/toolchains/llvm/prebuilt/linux-x86_64/sysroot/usr/lib/arm-linux-androideabi/19] ==> dir [/root/.buildozer/android/platform/android-ndk-r25b-linux/toolchains/llvm/prebuilt/linux-x86_64/sysroot/usr/lib/arm-linux-androideabi/19]
    arg [-L/root/.buildozer/android/platform/android-ndk-r25b-linux/toolchains/llvm/prebuilt/linux-x86_64/sysroot/usr/lib/arm-linux-androideabi] ==> dir [/root/.buildozer/android/platform/android-ndk-r25b-linux/toolchains/llvm/prebuilt/linux-x86_64/sysroot/usr/lib/arm-linux-androideabi]
    arg [-L/root/.buildozer/android/platform/android-ndk-r25b-linux/toolchains/llvm/prebuilt/linux-x86_64/sysroot/usr/lib/../lib] ==> dir [/root/.buildozer/android/platform/android-ndk-r25b-linux/toolchains/llvm/prebuilt/linux-x86_64/sysroot/usr/lib/../lib]
    arg [-L/root/.buildozer/android/platform/android-ndk-r25b-linux/toolchains/llvm/prebuilt/linux-x86_64/sysroot/usr/lib] ==> dir [/root/.buildozer/android/platform/android-ndk-r25b-linux/toolchains/llvm/prebuilt/linux-x86_64/sysroot/usr/lib]
    arg [--build-id=sha1] ==> ignore
    arg [--no-rosegment] ==> ignore
    arg [--fatal-warnings] ==> ignore
    arg [--gc-sections] ==> ignore
    arg [--no-undefined] ==> ignore
    arg [--gc-sections] ==> ignore
    arg [CMakeFiles/cmTC_f4736.dir/CMakeCCompilerABI.c.o] ==> ignore
    arg [/root/.buildozer/android/platform/android-ndk-r25b-linux/toolchains/llvm/prebuilt/linux-x86_64/lib64/clang/14.0.6/lib/linux/libclang_rt.builtins-arm-android.a] ==> lib [/root/.buildozer/android/platform/android-ndk-r25b-linux/toolchains/llvm/prebuilt/linux-x86_64/lib64/clang/14.0.6/lib/linux/libclang_rt.builtins-arm-android.a]
    arg [-l:libunwind.a] ==> lib [-l:libunwind.a]
    arg [-ldl] ==> lib [dl]
    arg [-lc] ==> lib [c]
    arg [/root/.buildozer/android/platform/android-ndk-r25b-linux/toolchains/llvm/prebuilt/linux-x86_64/lib64/clang/14.0.6/lib/linux/libclang_rt.builtins-arm-android.a] ==> lib [/root/.buildozer/android/platform/android-ndk-r25b-linux/toolchains/llvm/prebuilt/linux-x86_64/lib64/clang/14.0.6/lib/linux/libclang_rt.builtins-arm-android.a]
    arg [-l:libunwind.a] ==> lib [-l:libunwind.a]
    arg [-ldl] ==> lib [dl]
    arg [/root/.buildozer/android/platform/android-ndk-r25b-linux/toolchains/llvm/prebuilt/linux-x86_64/sysroot/usr/lib/arm-linux-androideabi/19/crtend_android.o] ==> obj [/root/.buildozer/android/platform/android-ndk-r25b-linux/toolchains/llvm/prebuilt/linux-x86_64/sysroot/usr/lib/arm-linux-androideabi/19/crtend_android.o]
  remove lib [/root/.buildozer/android/platform/android-ndk-r25b-linux/toolchains/llvm/prebuilt/linux-x86_64/lib64/clang/14.0.6/lib/linux/libclang_rt.builtins-arm-android.a]
  remove lib [/root/.buildozer/android/platform/android-ndk-r25b-linux/toolchains/llvm/prebuilt/linux-x86_64/lib64/clang/14.0.6/lib/linux/libclang_rt.builtins-arm-android.a]
  collapse library dir [/root/.buildozer/android/platform/android-ndk-r25b-linux/toolchains/llvm/prebuilt/linux-x86_64/lib64/clang/14.0.6/lib/linux/arm] ==> [/root/.buildozer/android/platform/android-ndk-r25b-linux/toolchains/llvm/prebuilt/linux-x86_64/lib64/clang/14.0.6/lib/linux/arm]
  collapse library dir [/root/.buildozer/android/platform/android-ndk-r25b-linux/toolchains/llvm/prebuilt/linux-x86_64/sysroot/usr/lib/arm-linux-androideabi/19] ==> [/root/.buildozer/android/platform/android-ndk-r25b-linux/toolchains/llvm/prebuilt/linux-x86_64/sysroot/usr/lib/arm-linux-androideabi/19]
  collapse library dir [/root/.buildozer/android/platform/android-ndk-r25b-linux/toolchains/llvm/prebuilt/linux-x86_64/sysroot/usr/lib/arm-linux-androideabi] ==> [/root/.buildozer/android/platform/android-ndk-r25b-linux/toolchains/llvm/prebuilt/linux-x86_64/sysroot/usr/lib/arm-linux-androideabi]
  collapse library dir [/root/.buildozer/android/platform/android-ndk-r25b-linux/toolchains/llvm/prebuilt/linux-x86_64/sysroot/usr/lib/../lib] ==> [/root/.buildozer/android/platform/android-ndk-r25b-linux/toolchains/llvm/prebuilt/linux-x86_64/sysroot/usr/lib]
  collapse library dir [/root/.buildozer/android/platform/android-ndk-r25b-linux/toolchains/llvm/prebuilt/linux-x86_64/sysroot/usr/lib] ==> [/root/.buildozer/android/platform/android-ndk-r25b-linux/toolchains/llvm/prebuilt/linux-x86_64/sysroot/usr/lib]
  implicit libs: [-l:libunwind.a;dl;c;-l:libunwind.a;dl]
  implicit objs: [/root/.buildozer/android/platform/android-ndk-r25b-linux/toolchains/llvm/prebuilt/linux-x86_64/sysroot/usr/lib/arm-linux-androideabi/19/crtbegin_dynamic.o;/root/.buildozer/android/platform/android-ndk-r25b-linux/toolchains/llvm/prebuilt/linux-x86_64/sysroot/usr/lib/arm-linux-androideabi/19/crtend_android.o]
  implicit dirs: [/root/.buildozer/android/platform/android-ndk-r25b-linux/toolchains/llvm/prebuilt/linux-x86_64/lib64/clang/14.0.6/lib/linux/arm;/root/.buildozer/android/platform/android-ndk-r25b-linux/toolchains/llvm/prebuilt/linux-x86_64/sysroot/usr/lib/arm-linux-androideabi/19;/root/.buildozer/android/platform/android-ndk-r25b-linux/toolchains/llvm/prebuilt/linux-x86_64/sysroot/usr/lib/arm-linux-androideabi;/root/.buildozer/android/platform/android-ndk-r25b-linux/toolchains/llvm/prebuilt/linux-x86_64/sysroot/usr/lib]
  implicit fwks: []


Determining if the include file sys/types.h exists passed with the following output:
Change Dir: /src/.buildozer/android/platform/build-armeabi-v7a/build/other_builds/jpeg/armeabi-v7a__ndk_target_21/jpeg/CMakeFiles/CMakeTmp

Run Build Command(s):/usr/bin/gmake -f Makefile cmTC_78ed6/fast && make -j2  -f CMakeFiles/cmTC_78ed6.dir/build.make CMakeFiles/cmTC_78ed6.dir/build
make[1]: Entering directory '/src/.buildozer/android/platform/build-armeabi-v7a/build/other_builds/jpeg/armeabi-v7a__ndk_target_21/jpeg/CMakeFiles/CMakeTmp'
Building C object CMakeFiles/cmTC_78ed6.dir/CheckIncludeFile.c.o
/root/.buildozer/android/platform/android-ndk-r25b-linux/toolchains/llvm/prebuilt/linux-x86_64/bin/clang --target=armv7-none-linux-androideabi19 --sysroot=/root/.buildozer/android/platform/android-ndk-r25b-linux/toolchains/llvm/prebuilt/linux-x86_64/sysroot   -g -DANDROID -fdata-sections -ffunction-sections -funwind-tables -fstack-protector-strong -no-canonical-prefixes -D_FORTIFY_SOURCE=2 -march=armv7-a -mthumb -Wformat -Werror=format-security   -fPIE -MD -MT CMakeFiles/cmTC_78ed6.dir/CheckIncludeFile.c.o -MF CMakeFiles/cmTC_78ed6.dir/CheckIncludeFile.c.o.d -o CMakeFiles/cmTC_78ed6.dir/CheckIncludeFile.c.o -c /src/.buildozer/android/platform/build-armeabi-v7a/build/other_builds/jpeg/armeabi-v7a__ndk_target_21/jpeg/CMakeFiles/CMakeTmp/CheckIncludeFile.c
Linking C executable cmTC_78ed6
/usr/bin/cmake -E cmake_link_script CMakeFiles/cmTC_78ed6.dir/link.txt --verbose=1
/root/.buildozer/android/platform/android-ndk-r25b-linux/toolchains/llvm/prebuilt/linux-x86_64/bin/clang --target=armv7-none-linux-androideabi19 --sysroot=/root/.buildozer/android/platform/android-ndk-r25b-linux/toolchains/llvm/prebuilt/linux-x86_64/sysroot -g -DANDROID -fdata-sections -ffunction-sections -funwind-tables -fstack-protector-strong -no-canonical-prefixes -D_FORTIFY_SOURCE=2 -march=armv7-a -mthumb -Wformat -Werror=format-security   -static-libstdc++ -Wl,--build-id=sha1 -Wl,--no-rosegment -Wl,--fatal-warnings -Wl,--gc-sections -Wl,--no-undefined -Qunused-arguments -Wl,--gc-sections   CMakeFiles/cmTC_78ed6.dir/CheckIncludeFile.c.o -o cmTC_78ed6  -latomic -lm 
make[1]: Leaving directory '/src/.buildozer/android/platform/build-armeabi-v7a/build/other_builds/jpeg/armeabi-v7a__ndk_target_21/jpeg/CMakeFiles/CMakeTmp'



Determining if the include file stdint.h exists passed with the following output:
Change Dir: /src/.buildozer/android/platform/build-armeabi-v7a/build/other_builds/jpeg/armeabi-v7a__ndk_target_21/jpeg/CMakeFiles/CMakeTmp

Run Build Command(s):/usr/bin/gmake -f Makefile cmTC_a472e/fast && make -j2  -f CMakeFiles/cmTC_a472e.dir/build.make CMakeFiles/cmTC_a472e.dir/build
make[1]: Entering directory '/src/.buildozer/android/platform/build-armeabi-v7a/build/other_builds/jpeg/armeabi-v7a__ndk_target_21/jpeg/CMakeFiles/CMakeTmp'
Building C object CMakeFiles/cmTC_a472e.dir/CheckIncludeFile.c.o
/root/.buildozer/android/platform/android-ndk-r25b-linux/toolchains/llvm/prebuilt/linux-x86_64/bin/clang --target=armv7-none-linux-androideabi19 --sysroot=/root/.buildozer/android/platform/android-ndk-r25b-linux/toolchains/llvm/prebuilt/linux-x86_64/sysroot   -g -DANDROID -fdata-sections -ffunction-sections -funwind-tables -fstack-protector-strong -no-canonical-prefixes -D_FORTIFY_SOURCE=2 -march=armv7-a -mthumb -Wformat -Werror=format-security   -fPIE -MD -MT CMakeFiles/cmTC_a472e.dir/CheckIncludeFile.c.o -MF CMakeFiles/cmTC_a472e.dir/CheckIncludeFile.c.o.d -o CMakeFiles/cmTC_a472e.dir/CheckIncludeFile.c.o -c /src/.buildozer/android/platform/build-armeabi-v7a/build/other_builds/jpeg/armeabi-v7a__ndk_target_21/jpeg/CMakeFiles/CMakeTmp/CheckIncludeFile.c
Linking C executable cmTC_a472e
/usr/bin/cmake -E cmake_link_script CMakeFiles/cmTC_a472e.dir/link.txt --verbose=1
/root/.buildozer/android/platform/android-ndk-r25b-linux/toolchains/llvm/prebuilt/linux-x86_64/bin/clang --target=armv7-none-linux-androideabi19 --sysroot=/root/.buildozer/android/platform/android-ndk-r25b-linux/toolchains/llvm/prebuilt/linux-x86_64/sysroot -g -DANDROID -fdata-sections -ffunction-sections -funwind-tables -fstack-protector-strong -no-canonical-prefixes -D_FORTIFY_SOURCE=2 -march=armv7-a -mthumb -Wformat -Werror=format-security   -static-libstdc++ -Wl,--build-id=sha1 -Wl,--no-rosegment -Wl,--fatal-warnings -Wl,--gc-sections -Wl,--no-undefined -Qunused-arguments -Wl,--gc-sections   CMakeFiles/cmTC_a472e.dir/CheckIncludeFile.c.o -o cmTC_a472e  -latomic -lm 
make[1]: Leaving directory '/src/.buildozer/android/platform/build-armeabi-v7a/build/other_builds/jpeg/armeabi-v7a__ndk_target_21/jpeg/CMakeFiles/CMakeTmp'



Determining if the include file stddef.h exists passed with the following output:
Change Dir: /src/.buildozer/android/platform/build-armeabi-v7a/build/other_builds/jpeg/armeabi-v7a__ndk_target_21/jpeg/CMakeFiles/CMakeTmp

Run Build Command(s):/usr/bin/gmake -f Makefile cmTC_63a5a/fast && make -j2  -f CMakeFiles/cmTC_63a5a.dir/build.make CMakeFiles/cmTC_63a5a.dir/build
make[1]: Entering directory '/src/.buildozer/android/platform/build-armeabi-v7a/build/other_builds/jpeg/armeabi-v7a__ndk_target_21/jpeg/CMakeFiles/CMakeTmp'
Building C object CMakeFiles/cmTC_63a5a.dir/CheckIncludeFile.c.o
/root/.buildozer/android/platform/android-ndk-r25b-linux/toolchains/llvm/prebuilt/linux-x86_64/bin/clang --target=armv7-none-linux-androideabi19 --sysroot=/root/.buildozer/android/platform/android-ndk-r25b-linux/toolchains/llvm/prebuilt/linux-x86_64/sysroot   -g -DANDROID -fdata-sections -ffunction-sections -funwind-tables -fstack-protector-strong -no-canonical-prefixes -D_FORTIFY_SOURCE=2 -march=armv7-a -mthumb -Wformat -Werror=format-security   -fPIE -MD -MT CMakeFiles/cmTC_63a5a.dir/CheckIncludeFile.c.o -MF CMakeFiles/cmTC_63a5a.dir/CheckIncludeFile.c.o.d -o CMakeFiles/cmTC_63a5a.dir/CheckIncludeFile.c.o -c /src/.buildozer/android/platform/build-armeabi-v7a/build/other_builds/jpeg/armeabi-v7a__ndk_target_21/jpeg/CMakeFiles/CMakeTmp/CheckIncludeFile.c
Linking C executable cmTC_63a5a
/usr/bin/cmake -E cmake_link_script CMakeFiles/cmTC_63a5a.dir/link.txt --verbose=1
/root/.buildozer/android/platform/android-ndk-r25b-linux/toolchains/llvm/prebuilt/linux-x86_64/bin/clang --target=armv7-none-linux-androideabi19 --sysroot=/root/.buildozer/android/platform/android-ndk-r25b-linux/toolchains/llvm/prebuilt/linux-x86_64/sysroot -g -DANDROID -fdata-sections -ffunction-sections -funwind-tables -fstack-protector-strong -no-canonical-prefixes -D_FORTIFY_SOURCE=2 -march=armv7-a -mthumb -Wformat -Werror=format-security   -static-libstdc++ -Wl,--build-id=sha1 -Wl,--no-rosegment -Wl,--fatal-warnings -Wl,--gc-sections -Wl,--no-undefined -Qunused-arguments -Wl,--gc-sections   CMakeFiles/cmTC_63a5a.dir/CheckIncludeFile.c.o -o cmTC_63a5a  -latomic -lm 
make[1]: Leaving directory '/src/.buildozer/android/platform/build-armeabi-v7a/build/other_builds/jpeg/armeabi-v7a__ndk_target_21/jpeg/CMakeFiles/CMakeTmp'



Determining size of size_t passed with the following output:
Change Dir: /src/.buildozer/android/platform/build-armeabi-v7a/build/other_builds/jpeg/armeabi-v7a__ndk_target_21/jpeg/CMakeFiles/CMakeTmp

Run Build Command(s):/usr/bin/gmake -f Makefile cmTC_d2462/fast && make -j2  -f CMakeFiles/cmTC_d2462.dir/build.make CMakeFiles/cmTC_d2462.dir/build
make[1]: Entering directory '/src/.buildozer/android/platform/build-armeabi-v7a/build/other_builds/jpeg/armeabi-v7a__ndk_target_21/jpeg/CMakeFiles/CMakeTmp'
Building C object CMakeFiles/cmTC_d2462.dir/SIZE_T.c.o
/root/.buildozer/android/platform/android-ndk-r25b-linux/toolchains/llvm/prebuilt/linux-x86_64/bin/clang --target=armv7-none-linux-androideabi19 --sysroot=/root/.buildozer/android/platform/android-ndk-r25b-linux/toolchains/llvm/prebuilt/linux-x86_64/sysroot   -g -DANDROID -fdata-sections -ffunction-sections -funwind-tables -fstack-protector-strong -no-canonical-prefixes -D_FORTIFY_SOURCE=2 -march=armv7-a -mthumb -Wformat -Werror=format-security   -fPIE -MD -MT CMakeFiles/cmTC_d2462.dir/SIZE_T.c.o -MF CMakeFiles/cmTC_d2462.dir/SIZE_T.c.o.d -o CMakeFiles/cmTC_d2462.dir/SIZE_T.c.o -c /src/.buildozer/android/platform/build-armeabi-v7a/build/other_builds/jpeg/armeabi-v7a__ndk_target_21/jpeg/CMakeFiles/CheckTypeSize/SIZE_T.c
Linking C executable cmTC_d2462
/usr/bin/cmake -E cmake_link_script CMakeFiles/cmTC_d2462.dir/link.txt --verbose=1
/root/.buildozer/android/platform/android-ndk-r25b-linux/toolchains/llvm/prebuilt/linux-x86_64/bin/clang --target=armv7-none-linux-androideabi19 --sysroot=/root/.buildozer/android/platform/android-ndk-r25b-linux/toolchains/llvm/prebuilt/linux-x86_64/sysroot -g -DANDROID -fdata-sections -ffunction-sections -funwind-tables -fstack-protector-strong -no-canonical-prefixes -D_FORTIFY_SOURCE=2 -march=armv7-a -mthumb -Wformat -Werror=format-security   -static-libstdc++ -Wl,--build-id=sha1 -Wl,--no-rosegment -Wl,--fatal-warnings -Wl,--gc-sections -Wl,--no-undefined -Qunused-arguments -Wl,--gc-sections   CMakeFiles/cmTC_d2462.dir/SIZE_T.c.o -o cmTC_d2462  -latomic -lm 
make[1]: Leaving directory '/src/.buildozer/android/platform/build-armeabi-v7a/build/other_builds/jpeg/armeabi-v7a__ndk_target_21/jpeg/CMakeFiles/CMakeTmp'



Determining size of unsigned long passed with the following output:
Change Dir: /src/.buildozer/android/platform/build-armeabi-v7a/build/other_builds/jpeg/armeabi-v7a__ndk_target_21/jpeg/CMakeFiles/CMakeTmp

Run Build Command(s):/usr/bin/gmake -f Makefile cmTC_96da5/fast && make -j2  -f CMakeFiles/cmTC_96da5.dir/build.make CMakeFiles/cmTC_96da5.dir/build
make[1]: Entering directory '/src/.buildozer/android/platform/build-armeabi-v7a/build/other_builds/jpeg/armeabi-v7a__ndk_target_21/jpeg/CMakeFiles/CMakeTmp'
Building C object CMakeFiles/cmTC_96da5.dir/UNSIGNED_LONG.c.o
/root/.buildozer/android/platform/android-ndk-r25b-linux/toolchains/llvm/prebuilt/linux-x86_64/bin/clang --target=armv7-none-linux-androideabi19 --sysroot=/root/.buildozer/android/platform/android-ndk-r25b-linux/toolchains/llvm/prebuilt/linux-x86_64/sysroot   -g -DANDROID -fdata-sections -ffunction-sections -funwind-tables -fstack-protector-strong -no-canonical-prefixes -D_FORTIFY_SOURCE=2 -march=armv7-a -mthumb -Wformat -Werror=format-security   -fPIE -MD -MT CMakeFiles/cmTC_96da5.dir/UNSIGNED_LONG.c.o -MF CMakeFiles/cmTC_96da5.dir/UNSIGNED_LONG.c.o.d -o CMakeFiles/cmTC_96da5.dir/UNSIGNED_LONG.c.o -c /src/.buildozer/android/platform/build-armeabi-v7a/build/other_builds/jpeg/armeabi-v7a__ndk_target_21/jpeg/CMakeFiles/CheckTypeSize/UNSIGNED_LONG.c
Linking C executable cmTC_96da5
/usr/bin/cmake -E cmake_link_script CMakeFiles/cmTC_96da5.dir/link.txt --verbose=1
/root/.buildozer/android/platform/android-ndk-r25b-linux/toolchains/llvm/prebuilt/linux-x86_64/bin/clang --target=armv7-none-linux-androideabi19 --sysroot=/root/.buildozer/android/platform/android-ndk-r25b-linux/toolchains/llvm/prebuilt/linux-x86_64/sysroot -g -DANDROID -fdata-sections -ffunction-sections -funwind-tables -fstack-protector-strong -no-canonical-prefixes -D_FORTIFY_SOURCE=2 -march=armv7-a -mthumb -Wformat -Werror=format-security   -static-libstdc++ -Wl,--build-id=sha1 -Wl,--no-rosegment -Wl,--fatal-warnings -Wl,--gc-sections -Wl,--no-undefined -Qunused-arguments -Wl,--gc-sections   CMakeFiles/cmTC_96da5.dir/UNSIGNED_LONG.c.o -o cmTC_96da5  -latomic -lm 
make[1]: Leaving directory '/src/.buildozer/android/platform/build-armeabi-v7a/build/other_builds/jpeg/armeabi-v7a__ndk_target_21/jpeg/CMakeFiles/CMakeTmp'



Performing C SOURCE FILE Test HAVE_BUILTIN_CTZL succeeded with the following output:
Change Dir: /src/.buildozer/android/platform/build-armeabi-v7a/build/other_builds/jpeg/armeabi-v7a__ndk_target_21/jpeg/CMakeFiles/CMakeTmp

Run Build Command(s):/usr/bin/gmake -f Makefile cmTC_14896/fast && make -j2  -f CMakeFiles/cmTC_14896.dir/build.make CMakeFiles/cmTC_14896.dir/build
make[1]: Entering directory '/src/.buildozer/android/platform/build-armeabi-v7a/build/other_builds/jpeg/armeabi-v7a__ndk_target_21/jpeg/CMakeFiles/CMakeTmp'
Building C object CMakeFiles/cmTC_14896.dir/src.c.o
/root/.buildozer/android/platform/android-ndk-r25b-linux/toolchains/llvm/prebuilt/linux-x86_64/bin/clang --target=armv7-none-linux-androideabi19 --sysroot=/root/.buildozer/android/platform/android-ndk-r25b-linux/toolchains/llvm/prebuilt/linux-x86_64/sysroot -DHAVE_BUILTIN_CTZL  -g -DANDROID -fdata-sections -ffunction-sections -funwind-tables -fstack-protector-strong -no-canonical-prefixes -D_FORTIFY_SOURCE=2 -march=armv7-a -mthumb -Wformat -Werror=format-security   -fPIE -MD -MT CMakeFiles/cmTC_14896.dir/src.c.o -MF CMakeFiles/cmTC_14896.dir/src.c.o.d -o CMakeFiles/cmTC_14896.dir/src.c.o -c /src/.buildozer/android/platform/build-armeabi-v7a/build/other_builds/jpeg/armeabi-v7a__ndk_target_21/jpeg/CMakeFiles/CMakeTmp/src.c
Linking C executable cmTC_14896
/usr/bin/cmake -E cmake_link_script CMakeFiles/cmTC_14896.dir/link.txt --verbose=1
/root/.buildozer/android/platform/android-ndk-r25b-linux/toolchains/llvm/prebuilt/linux-x86_64/bin/clang --target=armv7-none-linux-androideabi19 --sysroot=/root/.buildozer/android/platform/android-ndk-r25b-linux/toolchains/llvm/prebuilt/linux-x86_64/sysroot -g -DANDROID -fdata-sections -ffunction-sections -funwind-tables -fstack-protector-strong -no-canonical-prefixes -D_FORTIFY_SOURCE=2 -march=armv7-a -mthumb -Wformat -Werror=format-security   -static-libstdc++ -Wl,--build-id=sha1 -Wl,--no-rosegment -Wl,--fatal-warnings -Wl,--gc-sections -Wl,--no-undefined -Qunused-arguments -Wl,--gc-sections   CMakeFiles/cmTC_14896.dir/src.c.o -o cmTC_14896  -latomic -lm 
make[1]: Leaving directory '/src/.buildozer/android/platform/build-armeabi-v7a/build/other_builds/jpeg/armeabi-v7a__ndk_target_21/jpeg/CMakeFiles/CMakeTmp'


Source file was:
int main(int argc, char **argv) { unsigned long a = argc;  return __builtin_ctzl(a); }
Determining if files locale.h exist passed with the following output:
Change Dir: /src/.buildozer/android/platform/build-armeabi-v7a/build/other_builds/jpeg/armeabi-v7a__ndk_target_21/jpeg/CMakeFiles/CMakeTmp

Run Build Command(s):/usr/bin/gmake -f Makefile cmTC_aa23b/fast && make -j2  -f CMakeFiles/cmTC_aa23b.dir/build.make CMakeFiles/cmTC_aa23b.dir/build
make[1]: Entering directory '/src/.buildozer/android/platform/build-armeabi-v7a/build/other_builds/jpeg/armeabi-v7a__ndk_target_21/jpeg/CMakeFiles/CMakeTmp'
Building C object CMakeFiles/cmTC_aa23b.dir/HAVE_LOCALE_H.c.o
/root/.buildozer/android/platform/android-ndk-r25b-linux/toolchains/llvm/prebuilt/linux-x86_64/bin/clang --target=armv7-none-linux-androideabi19 --sysroot=/root/.buildozer/android/platform/android-ndk-r25b-linux/toolchains/llvm/prebuilt/linux-x86_64/sysroot   -g -DANDROID -fdata-sections -ffunction-sections -funwind-tables -fstack-protector-strong -no-canonical-prefixes -D_FORTIFY_SOURCE=2 -march=armv7-a -mthumb -Wformat -Werror=format-security   -fPIE -MD -MT CMakeFiles/cmTC_aa23b.dir/HAVE_LOCALE_H.c.o -MF CMakeFiles/cmTC_aa23b.dir/HAVE_LOCALE_H.c.o.d -o CMakeFiles/cmTC_aa23b.dir/HAVE_LOCALE_H.c.o -c /src/.buildozer/android/platform/build-armeabi-v7a/build/other_builds/jpeg/armeabi-v7a__ndk_target_21/jpeg/CMakeFiles/CheckIncludeFiles/HAVE_LOCALE_H.c
Linking C executable cmTC_aa23b
/usr/bin/cmake -E cmake_link_script CMakeFiles/cmTC_aa23b.dir/link.txt --verbose=1
/root/.buildozer/android/platform/android-ndk-r25b-linux/toolchains/llvm/prebuilt/linux-x86_64/bin/clang --target=armv7-none-linux-androideabi19 --sysroot=/root/.buildozer/android/platform/android-ndk-r25b-linux/toolchains/llvm/prebuilt/linux-x86_64/sysroot -g -DANDROID -fdata-sections -ffunction-sections -funwind-tables -fstack-protector-strong -no-canonical-prefixes -D_FORTIFY_SOURCE=2 -march=armv7-a -mthumb -Wformat -Werror=format-security   -static-libstdc++ -Wl,--build-id=sha1 -Wl,--no-rosegment -Wl,--fatal-warnings -Wl,--gc-sections -Wl,--no-undefined -Qunused-arguments -Wl,--gc-sections   CMakeFiles/cmTC_aa23b.dir/HAVE_LOCALE_H.c.o -o cmTC_aa23b  -latomic -lm 
make[1]: Leaving directory '/src/.buildozer/android/platform/build-armeabi-v7a/build/other_builds/jpeg/armeabi-v7a__ndk_target_21/jpeg/CMakeFiles/CMakeTmp'



Determining if files stdlib.h exist passed with the following output:
Change Dir: /src/.buildozer/android/platform/build-armeabi-v7a/build/other_builds/jpeg/armeabi-v7a__ndk_target_21/jpeg/CMakeFiles/CMakeTmp

Run Build Command(s):/usr/bin/gmake -f Makefile cmTC_90962/fast && make -j2  -f CMakeFiles/cmTC_90962.dir/build.make CMakeFiles/cmTC_90962.dir/build
make[1]: Entering directory '/src/.buildozer/android/platform/build-armeabi-v7a/build/other_builds/jpeg/armeabi-v7a__ndk_target_21/jpeg/CMakeFiles/CMakeTmp'
Building C object CMakeFiles/cmTC_90962.dir/HAVE_STDLIB_H.c.o
/root/.buildozer/android/platform/android-ndk-r25b-linux/toolchains/llvm/prebuilt/linux-x86_64/bin/clang --target=armv7-none-linux-androideabi19 --sysroot=/root/.buildozer/android/platform/android-ndk-r25b-linux/toolchains/llvm/prebuilt/linux-x86_64/sysroot   -g -DANDROID -fdata-sections -ffunction-sections -funwind-tables -fstack-protector-strong -no-canonical-prefixes -D_FORTIFY_SOURCE=2 -march=armv7-a -mthumb -Wformat -Werror=format-security   -fPIE -MD -MT CMakeFiles/cmTC_90962.dir/HAVE_STDLIB_H.c.o -MF CMakeFiles/cmTC_90962.dir/HAVE_STDLIB_H.c.o.d -o CMakeFiles/cmTC_90962.dir/HAVE_STDLIB_H.c.o -c /src/.buildozer/android/platform/build-armeabi-v7a/build/other_builds/jpeg/armeabi-v7a__ndk_target_21/jpeg/CMakeFiles/CheckIncludeFiles/HAVE_STDLIB_H.c
Linking C executable cmTC_90962
/usr/bin/cmake -E cmake_link_script CMakeFiles/cmTC_90962.dir/link.txt --verbose=1
/root/.buildozer/android/platform/android-ndk-r25b-linux/toolchains/llvm/prebuilt/linux-x86_64/bin/clang --target=armv7-none-linux-androideabi19 --sysroot=/root/.buildozer/android/platform/android-ndk-r25b-linux/toolchains/llvm/prebuilt/linux-x86_64/sysroot -g -DANDROID -fdata-sections -ffunction-sections -funwind-tables -fstack-protector-strong -no-canonical-prefixes -D_FORTIFY_SOURCE=2 -march=armv7-a -mthumb -Wformat -Werror=format-security   -static-libstdc++ -Wl,--build-id=sha1 -Wl,--no-rosegment -Wl,--fatal-warnings -Wl,--gc-sections -Wl,--no-undefined -Qunused-arguments -Wl,--gc-sections   CMakeFiles/cmTC_90962.dir/HAVE_STDLIB_H.c.o -o cmTC_90962  -latomic -lm 
make[1]: Leaving directory '/src/.buildozer/android/platform/build-armeabi-v7a/build/other_builds/jpeg/armeabi-v7a__ndk_target_21/jpeg/CMakeFiles/CMakeTmp'



Determining if files sys/types.h exist passed with the following output:
Change Dir: /src/.buildozer/android/platform/build-armeabi-v7a/build/other_builds/jpeg/armeabi-v7a__ndk_target_21/jpeg/CMakeFiles/CMakeTmp

Run Build Command(s):/usr/bin/gmake -f Makefile cmTC_5f26c/fast && make -j2  -f CMakeFiles/cmTC_5f26c.dir/build.make CMakeFiles/cmTC_5f26c.dir/build
make[1]: Entering directory '/src/.buildozer/android/platform/build-armeabi-v7a/build/other_builds/jpeg/armeabi-v7a__ndk_target_21/jpeg/CMakeFiles/CMakeTmp'
Building C object CMakeFiles/cmTC_5f26c.dir/NEED_SYS_TYPES_H.c.o
/root/.buildozer/android/platform/android-ndk-r25b-linux/toolchains/llvm/prebuilt/linux-x86_64/bin/clang --target=armv7-none-linux-androideabi19 --sysroot=/root/.buildozer/android/platform/android-ndk-r25b-linux/toolchains/llvm/prebuilt/linux-x86_64/sysroot   -g -DANDROID -fdata-sections -ffunction-sections -funwind-tables -fstack-protector-strong -no-canonical-prefixes -D_FORTIFY_SOURCE=2 -march=armv7-a -mthumb -Wformat -Werror=format-security   -fPIE -MD -MT CMakeFiles/cmTC_5f26c.dir/NEED_SYS_TYPES_H.c.o -MF CMakeFiles/cmTC_5f26c.dir/NEED_SYS_TYPES_H.c.o.d -o CMakeFiles/cmTC_5f26c.dir/NEED_SYS_TYPES_H.c.o -c /src/.buildozer/android/platform/build-armeabi-v7a/build/other_builds/jpeg/armeabi-v7a__ndk_target_21/jpeg/CMakeFiles/CheckIncludeFiles/NEED_SYS_TYPES_H.c
Linking C executable cmTC_5f26c
/usr/bin/cmake -E cmake_link_script CMakeFiles/cmTC_5f26c.dir/link.txt --verbose=1
/root/.buildozer/android/platform/android-ndk-r25b-linux/toolchains/llvm/prebuilt/linux-x86_64/bin/clang --target=armv7-none-linux-androideabi19 --sysroot=/root/.buildozer/android/platform/android-ndk-r25b-linux/toolchains/llvm/prebuilt/linux-x86_64/sysroot -g -DANDROID -fdata-sections -ffunction-sections -funwind-tables -fstack-protector-strong -no-canonical-prefixes -D_FORTIFY_SOURCE=2 -march=armv7-a -mthumb -Wformat -Werror=format-security   -static-libstdc++ -Wl,--build-id=sha1 -Wl,--no-rosegment -Wl,--fatal-warnings -Wl,--gc-sections -Wl,--no-undefined -Qunused-arguments -Wl,--gc-sections   CMakeFiles/cmTC_5f26c.dir/NEED_SYS_TYPES_H.c.o -o cmTC_5f26c  -latomic -lm 
make[1]: Leaving directory '/src/.buildozer/android/platform/build-armeabi-v7a/build/other_builds/jpeg/armeabi-v7a__ndk_target_21/jpeg/CMakeFiles/CMakeTmp'



Determining if the memset exist passed with the following output:
Change Dir: /src/.buildozer/android/platform/build-armeabi-v7a/build/other_builds/jpeg/armeabi-v7a__ndk_target_21/jpeg/CMakeFiles/CMakeTmp

Run Build Command(s):/usr/bin/gmake -f Makefile cmTC_ce9a3/fast && make -j2  -f CMakeFiles/cmTC_ce9a3.dir/build.make CMakeFiles/cmTC_ce9a3.dir/build
make[1]: Entering directory '/src/.buildozer/android/platform/build-armeabi-v7a/build/other_builds/jpeg/armeabi-v7a__ndk_target_21/jpeg/CMakeFiles/CMakeTmp'
Building C object CMakeFiles/cmTC_ce9a3.dir/CheckSymbolExists.c.o
/root/.buildozer/android/platform/android-ndk-r25b-linux/toolchains/llvm/prebuilt/linux-x86_64/bin/clang --target=armv7-none-linux-androideabi19 --sysroot=/root/.buildozer/android/platform/android-ndk-r25b-linux/toolchains/llvm/prebuilt/linux-x86_64/sysroot   -g -DANDROID -fdata-sections -ffunction-sections -funwind-tables -fstack-protector-strong -no-canonical-prefixes -D_FORTIFY_SOURCE=2 -march=armv7-a -mthumb -Wformat   -fPIE -MD -MT CMakeFiles/cmTC_ce9a3.dir/CheckSymbolExists.c.o -MF CMakeFiles/cmTC_ce9a3.dir/CheckSymbolExists.c.o.d -o CMakeFiles/cmTC_ce9a3.dir/CheckSymbolExists.c.o -c /src/.buildozer/android/platform/build-armeabi-v7a/build/other_builds/jpeg/armeabi-v7a__ndk_target_21/jpeg/CMakeFiles/CMakeTmp/CheckSymbolExists.c
Linking C executable cmTC_ce9a3
/usr/bin/cmake -E cmake_link_script CMakeFiles/cmTC_ce9a3.dir/link.txt --verbose=1
/root/.buildozer/android/platform/android-ndk-r25b-linux/toolchains/llvm/prebuilt/linux-x86_64/bin/clang --target=armv7-none-linux-androideabi19 --sysroot=/root/.buildozer/android/platform/android-ndk-r25b-linux/toolchains/llvm/prebuilt/linux-x86_64/sysroot -g -DANDROID -fdata-sections -ffunction-sections -funwind-tables -fstack-protector-strong -no-canonical-prefixes -D_FORTIFY_SOURCE=2 -march=armv7-a -mthumb -Wformat   -static-libstdc++ -Wl,--build-id=sha1 -Wl,--no-rosegment -Wl,--fatal-warnings -Wl,--gc-sections -Wl,--no-undefined -Qunused-arguments -Wl,--gc-sections   CMakeFiles/cmTC_ce9a3.dir/CheckSymbolExists.c.o -o cmTC_ce9a3  -latomic -lm 
make[1]: Leaving directory '/src/.buildozer/android/platform/build-armeabi-v7a/build/other_builds/jpeg/armeabi-v7a__ndk_target_21/jpeg/CMakeFiles/CMakeTmp'


File /src/.buildozer/android/platform/build-armeabi-v7a/build/other_builds/jpeg/armeabi-v7a__ndk_target_21/jpeg/CMakeFiles/CMakeTmp/CheckSymbolExists.c:
/* */
#include <string.h>

int main(int argc, char** argv)
{
  (void)argv;
#ifndef memset
  return ((int*)(&memset))[argc];
#else
  (void)argc;
  return 0;
#endif
}
Determining if the memcpy exist passed with the following output:
Change Dir: /src/.buildozer/android/platform/build-armeabi-v7a/build/other_builds/jpeg/armeabi-v7a__ndk_target_21/jpeg/CMakeFiles/CMakeTmp

Run Build Command(s):/usr/bin/gmake -f Makefile cmTC_c97a2/fast && make -j2  -f CMakeFiles/cmTC_c97a2.dir/build.make CMakeFiles/cmTC_c97a2.dir/build
make[1]: Entering directory '/src/.buildozer/android/platform/build-armeabi-v7a/build/other_builds/jpeg/armeabi-v7a__ndk_target_21/jpeg/CMakeFiles/CMakeTmp'
Building C object CMakeFiles/cmTC_c97a2.dir/CheckSymbolExists.c.o
/root/.buildozer/android/platform/android-ndk-r25b-linux/toolchains/llvm/prebuilt/linux-x86_64/bin/clang --target=armv7-none-linux-androideabi19 --sysroot=/root/.buildozer/android/platform/android-ndk-r25b-linux/toolchains/llvm/prebuilt/linux-x86_64/sysroot   -g -DANDROID -fdata-sections -ffunction-sections -funwind-tables -fstack-protector-strong -no-canonical-prefixes -D_FORTIFY_SOURCE=2 -march=armv7-a -mthumb -Wformat   -fPIE -MD -MT CMakeFiles/cmTC_c97a2.dir/CheckSymbolExists.c.o -MF CMakeFiles/cmTC_c97a2.dir/CheckSymbolExists.c.o.d -o CMakeFiles/cmTC_c97a2.dir/CheckSymbolExists.c.o -c /src/.buildozer/android/platform/build-armeabi-v7a/build/other_builds/jpeg/armeabi-v7a__ndk_target_21/jpeg/CMakeFiles/CMakeTmp/CheckSymbolExists.c
Linking C executable cmTC_c97a2
/usr/bin/cmake -E cmake_link_script CMakeFiles/cmTC_c97a2.dir/link.txt --verbose=1
/root/.buildozer/android/platform/android-ndk-r25b-linux/toolchains/llvm/prebuilt/linux-x86_64/bin/clang --target=armv7-none-linux-androideabi19 --sysroot=/root/.buildozer/android/platform/android-ndk-r25b-linux/toolchains/llvm/prebuilt/linux-x86_64/sysroot -g -DANDROID -fdata-sections -ffunction-sections -funwind-tables -fstack-protector-strong -no-canonical-prefixes -D_FORTIFY_SOURCE=2 -march=armv7-a -mthumb -Wformat   -static-libstdc++ -Wl,--build-id=sha1 -Wl,--no-rosegment -Wl,--fatal-warnings -Wl,--gc-sections -Wl,--no-undefined -Qunused-arguments -Wl,--gc-sections   CMakeFiles/cmTC_c97a2.dir/CheckSymbolExists.c.o -o cmTC_c97a2  -latomic -lm 
make[1]: Leaving directory '/src/.buildozer/android/platform/build-armeabi-v7a/build/other_builds/jpeg/armeabi-v7a__ndk_target_21/jpeg/CMakeFiles/CMakeTmp'


File /src/.buildozer/android/platform/build-armeabi-v7a/build/other_builds/jpeg/armeabi-v7a__ndk_target_21/jpeg/CMakeFiles/CMakeTmp/CheckSymbolExists.c:
/* */
#include <string.h>

int main(int argc, char** argv)
{
  (void)argv;
#ifndef memcpy
  return ((int*)(&memcpy))[argc];
#else
  (void)argc;
  return 0;
#endif
}
Determining size of unsigned char passed with the following output:
Change Dir: /src/.buildozer/android/platform/build-armeabi-v7a/build/other_builds/jpeg/armeabi-v7a__ndk_target_21/jpeg/CMakeFiles/CMakeTmp

Run Build Command(s):/usr/bin/gmake -f Makefile cmTC_c9ed9/fast && make -j2  -f CMakeFiles/cmTC_c9ed9.dir/build.make CMakeFiles/cmTC_c9ed9.dir/build
make[1]: Entering directory '/src/.buildozer/android/platform/build-armeabi-v7a/build/other_builds/jpeg/armeabi-v7a__ndk_target_21/jpeg/CMakeFiles/CMakeTmp'
Building C object CMakeFiles/cmTC_c9ed9.dir/UNSIGNED_CHAR.c.o
/root/.buildozer/android/platform/android-ndk-r25b-linux/toolchains/llvm/prebuilt/linux-x86_64/bin/clang --target=armv7-none-linux-androideabi19 --sysroot=/root/.buildozer/android/platform/android-ndk-r25b-linux/toolchains/llvm/prebuilt/linux-x86_64/sysroot   -g -DANDROID -fdata-sections -ffunction-sections -funwind-tables -fstack-protector-strong -no-canonical-prefixes -D_FORTIFY_SOURCE=2 -march=armv7-a -mthumb -Wformat -Werror=format-security   -fPIE -MD -MT CMakeFiles/cmTC_c9ed9.dir/UNSIGNED_CHAR.c.o -MF CMakeFiles/cmTC_c9ed9.dir/UNSIGNED_CHAR.c.o.d -o CMakeFiles/cmTC_c9ed9.dir/UNSIGNED_CHAR.c.o -c /src/.buildozer/android/platform/build-armeabi-v7a/build/other_builds/jpeg/armeabi-v7a__ndk_target_21/jpeg/CMakeFiles/CheckTypeSize/UNSIGNED_CHAR.c
Linking C executable cmTC_c9ed9
/usr/bin/cmake -E cmake_link_script CMakeFiles/cmTC_c9ed9.dir/link.txt --verbose=1
/root/.buildozer/android/platform/android-ndk-r25b-linux/toolchains/llvm/prebuilt/linux-x86_64/bin/clang --target=armv7-none-linux-androideabi19 --sysroot=/root/.buildozer/android/platform/android-ndk-r25b-linux/toolchains/llvm/prebuilt/linux-x86_64/sysroot -g -DANDROID -fdata-sections -ffunction-sections -funwind-tables -fstack-protector-strong -no-canonical-prefixes -D_FORTIFY_SOURCE=2 -march=armv7-a -mthumb -Wformat -Werror=format-security   -static-libstdc++ -Wl,--build-id=sha1 -Wl,--no-rosegment -Wl,--fatal-warnings -Wl,--gc-sections -Wl,--no-undefined -Qunused-arguments -Wl,--gc-sections   CMakeFiles/cmTC_c9ed9.dir/UNSIGNED_CHAR.c.o -o cmTC_c9ed9  -latomic -lm 
make[1]: Leaving directory '/src/.buildozer/android/platform/build-armeabi-v7a/build/other_builds/jpeg/armeabi-v7a__ndk_target_21/jpeg/CMakeFiles/CMakeTmp'



Determining size of unsigned short passed with the following output:
Change Dir: /src/.buildozer/android/platform/build-armeabi-v7a/build/other_builds/jpeg/armeabi-v7a__ndk_target_21/jpeg/CMakeFiles/CMakeTmp

Run Build Command(s):/usr/bin/gmake -f Makefile cmTC_4a60c/fast && make -j2  -f CMakeFiles/cmTC_4a60c.dir/build.make CMakeFiles/cmTC_4a60c.dir/build
make[1]: Entering directory '/src/.buildozer/android/platform/build-armeabi-v7a/build/other_builds/jpeg/armeabi-v7a__ndk_target_21/jpeg/CMakeFiles/CMakeTmp'
Building C object CMakeFiles/cmTC_4a60c.dir/UNSIGNED_SHORT.c.o
/root/.buildozer/android/platform/android-ndk-r25b-linux/toolchains/llvm/prebuilt/linux-x86_64/bin/clang --target=armv7-none-linux-androideabi19 --sysroot=/root/.buildozer/android/platform/android-ndk-r25b-linux/toolchains/llvm/prebuilt/linux-x86_64/sysroot   -g -DANDROID -fdata-sections -ffunction-sections -funwind-tables -fstack-protector-strong -no-canonical-prefixes -D_FORTIFY_SOURCE=2 -march=armv7-a -mthumb -Wformat -Werror=format-security   -fPIE -MD -MT CMakeFiles/cmTC_4a60c.dir/UNSIGNED_SHORT.c.o -MF CMakeFiles/cmTC_4a60c.dir/UNSIGNED_SHORT.c.o.d -o CMakeFiles/cmTC_4a60c.dir/UNSIGNED_SHORT.c.o -c /src/.buildozer/android/platform/build-armeabi-v7a/build/other_builds/jpeg/armeabi-v7a__ndk_target_21/jpeg/CMakeFiles/CheckTypeSize/UNSIGNED_SHORT.c
Linking C executable cmTC_4a60c
/usr/bin/cmake -E cmake_link_script CMakeFiles/cmTC_4a60c.dir/link.txt --verbose=1
/root/.buildozer/android/platform/android-ndk-r25b-linux/toolchains/llvm/prebuilt/linux-x86_64/bin/clang --target=armv7-none-linux-androideabi19 --sysroot=/root/.buildozer/android/platform/android-ndk-r25b-linux/toolchains/llvm/prebuilt/linux-x86_64/sysroot -g -DANDROID -fdata-sections -ffunction-sections -funwind-tables -fstack-protector-strong -no-canonical-prefixes -D_FORTIFY_SOURCE=2 -march=armv7-a -mthumb -Wformat -Werror=format-security   -static-libstdc++ -Wl,--build-id=sha1 -Wl,--no-rosegment -Wl,--fatal-warnings -Wl,--gc-sections -Wl,--no-undefined -Qunused-arguments -Wl,--gc-sections   CMakeFiles/cmTC_4a60c.dir/UNSIGNED_SHORT.c.o -o cmTC_4a60c  -latomic -lm 
make[1]: Leaving directory '/src/.buildozer/android/platform/build-armeabi-v7a/build/other_builds/jpeg/armeabi-v7a__ndk_target_21/jpeg/CMakeFiles/CMakeTmp'



Performing C SOURCE FILE Test INCOMPLETE_TYPES succeeded with the following output:
Change Dir: /src/.buildozer/android/platform/build-armeabi-v7a/build/other_builds/jpeg/armeabi-v7a__ndk_target_21/jpeg/CMakeFiles/CMakeTmp

Run Build Command(s):/usr/bin/gmake -f Makefile cmTC_45359/fast && make -j2  -f CMakeFiles/cmTC_45359.dir/build.make CMakeFiles/cmTC_45359.dir/build
make[1]: Entering directory '/src/.buildozer/android/platform/build-armeabi-v7a/build/other_builds/jpeg/armeabi-v7a__ndk_target_21/jpeg/CMakeFiles/CMakeTmp'
Building C object CMakeFiles/cmTC_45359.dir/src.c.o
/root/.buildozer/android/platform/android-ndk-r25b-linux/toolchains/llvm/prebuilt/linux-x86_64/bin/clang --target=armv7-none-linux-androideabi19 --sysroot=/root/.buildozer/android/platform/android-ndk-r25b-linux/toolchains/llvm/prebuilt/linux-x86_64/sysroot -DINCOMPLETE_TYPES  -g -DANDROID -fdata-sections -ffunction-sections -funwind-tables -fstack-protector-strong -no-canonical-prefixes -D_FORTIFY_SOURCE=2 -march=armv7-a -mthumb -Wformat -Werror=format-security   -fPIE -MD -MT CMakeFiles/cmTC_45359.dir/src.c.o -MF CMakeFiles/cmTC_45359.dir/src.c.o.d -o CMakeFiles/cmTC_45359.dir/src.c.o -c /src/.buildozer/android/platform/build-armeabi-v7a/build/other_builds/jpeg/armeabi-v7a__ndk_target_21/jpeg/CMakeFiles/CMakeTmp/src.c
Linking C executable cmTC_45359
/usr/bin/cmake -E cmake_link_script CMakeFiles/cmTC_45359.dir/link.txt --verbose=1
/root/.buildozer/android/platform/android-ndk-r25b-linux/toolchains/llvm/prebuilt/linux-x86_64/bin/clang --target=armv7-none-linux-androideabi19 --sysroot=/root/.buildozer/android/platform/android-ndk-r25b-linux/toolchains/llvm/prebuilt/linux-x86_64/sysroot -g -DANDROID -fdata-sections -ffunction-sections -funwind-tables -fstack-protector-strong -no-canonical-prefixes -D_FORTIFY_SOURCE=2 -march=armv7-a -mthumb -Wformat -Werror=format-security   -static-libstdc++ -Wl,--build-id=sha1 -Wl,--no-rosegment -Wl,--fatal-warnings -Wl,--gc-sections -Wl,--no-undefined -Qunused-arguments -Wl,--gc-sections   CMakeFiles/cmTC_45359.dir/src.c.o -o cmTC_45359  -latomic -lm 
make[1]: Leaving directory '/src/.buildozer/android/platform/build-armeabi-v7a/build/other_builds/jpeg/armeabi-v7a__ndk_target_21/jpeg/CMakeFiles/CMakeTmp'


Source file was:
int main(void) { typedef struct undefined_structure *undef_struct_ptr;  undef_struct_ptr ptr = 0;  return ptr != 0; }
Performing C SOURCE FILE Test INLINE_WORKS succeeded with the following output:
Change Dir: /src/.buildozer/android/platform/build-armeabi-v7a/build/other_builds/jpeg/armeabi-v7a__ndk_target_21/jpeg/CMakeFiles/CMakeTmp

Run Build Command(s):/usr/bin/gmake -f Makefile cmTC_ff532/fast && make -j2  -f CMakeFiles/cmTC_ff532.dir/build.make CMakeFiles/cmTC_ff532.dir/build
make[1]: Entering directory '/src/.buildozer/android/platform/build-armeabi-v7a/build/other_builds/jpeg/armeabi-v7a__ndk_target_21/jpeg/CMakeFiles/CMakeTmp'
Building C object CMakeFiles/cmTC_ff532.dir/src.c.o
/root/.buildozer/android/platform/android-ndk-r25b-linux/toolchains/llvm/prebuilt/linux-x86_64/bin/clang --target=armv7-none-linux-androideabi19 --sysroot=/root/.buildozer/android/platform/android-ndk-r25b-linux/toolchains/llvm/prebuilt/linux-x86_64/sysroot -DINLINE_WORKS  -g -DANDROID -fdata-sections -ffunction-sections -funwind-tables -fstack-protector-strong -no-canonical-prefixes -D_FORTIFY_SOURCE=2 -march=armv7-a -mthumb -Wformat -Werror=format-security   -fPIE -MD -MT CMakeFiles/cmTC_ff532.dir/src.c.o -MF CMakeFiles/cmTC_ff532.dir/src.c.o.d -o CMakeFiles/cmTC_ff532.dir/src.c.o -c /src/.buildozer/android/platform/build-armeabi-v7a/build/other_builds/jpeg/armeabi-v7a__ndk_target_21/jpeg/CMakeFiles/CMakeTmp/src.c
Linking C executable cmTC_ff532
/usr/bin/cmake -E cmake_link_script CMakeFiles/cmTC_ff532.dir/link.txt --verbose=1
/root/.buildozer/android/platform/android-ndk-r25b-linux/toolchains/llvm/prebuilt/linux-x86_64/bin/clang --target=armv7-none-linux-androideabi19 --sysroot=/root/.buildozer/android/platform/android-ndk-r25b-linux/toolchains/llvm/prebuilt/linux-x86_64/sysroot -g -DANDROID -fdata-sections -ffunction-sections -funwind-tables -fstack-protector-strong -no-canonical-prefixes -D_FORTIFY_SOURCE=2 -march=armv7-a -mthumb -Wformat -Werror=format-security   -static-libstdc++ -Wl,--build-id=sha1 -Wl,--no-rosegment -Wl,--fatal-warnings -Wl,--gc-sections -Wl,--no-undefined -Qunused-arguments -Wl,--gc-sections   CMakeFiles/cmTC_ff532.dir/src.c.o -o cmTC_ff532  -latomic -lm 
make[1]: Leaving directory '/src/.buildozer/android/platform/build-armeabi-v7a/build/other_builds/jpeg/armeabi-v7a__ndk_target_21/jpeg/CMakeFiles/CMakeTmp'


Source file was:
__inline__ __attribute__((always_inline)) static int foo(void) { return 0; } int main(void) { return foo(); }
Performing C SOURCE FILE Test HAVE_VERSION_SCRIPT succeeded with the following output:
Change Dir: /src/.buildozer/android/platform/build-armeabi-v7a/build/other_builds/jpeg/armeabi-v7a__ndk_target_21/jpeg/CMakeFiles/CMakeTmp

Run Build Command(s):/usr/bin/gmake -f Makefile cmTC_e49b5/fast && make -j2  -f CMakeFiles/cmTC_e49b5.dir/build.make CMakeFiles/cmTC_e49b5.dir/build
make[1]: Entering directory '/src/.buildozer/android/platform/build-armeabi-v7a/build/other_builds/jpeg/armeabi-v7a__ndk_target_21/jpeg/CMakeFiles/CMakeTmp'
Building C object CMakeFiles/cmTC_e49b5.dir/src.c.o
/root/.buildozer/android/platform/android-ndk-r25b-linux/toolchains/llvm/prebuilt/linux-x86_64/bin/clang --target=armv7-none-linux-androideabi19 --sysroot=/root/.buildozer/android/platform/android-ndk-r25b-linux/toolchains/llvm/prebuilt/linux-x86_64/sysroot -DHAVE_VERSION_SCRIPT  -g -DANDROID -fdata-sections -ffunction-sections -funwind-tables -fstack-protector-strong -no-canonical-prefixes -D_FORTIFY_SOURCE=2 -march=armv7-a -mthumb -Wformat -Werror=format-security  -Wl,--version-script,/src/.buildozer/android/platform/build-armeabi-v7a/build/other_builds/jpeg/armeabi-v7a__ndk_target_21/jpeg/conftest.map -fPIE -MD -MT CMakeFiles/cmTC_e49b5.dir/src.c.o -MF CMakeFiles/cmTC_e49b5.dir/src.c.o.d -o CMakeFiles/cmTC_e49b5.dir/src.c.o -c /src/.buildozer/android/platform/build-armeabi-v7a/build/other_builds/jpeg/armeabi-v7a__ndk_target_21/jpeg/CMakeFiles/CMakeTmp/src.c
clang: warning: -Wl,--version-script,/src/.buildozer/android/platform/build-armeabi-v7a/build/other_builds/jpeg/armeabi-v7a__ndk_target_21/jpeg/conftest.map: 'linker' input unused [-Wunused-command-line-argument]
Linking C executable cmTC_e49b5
/usr/bin/cmake -E cmake_link_script CMakeFiles/cmTC_e49b5.dir/link.txt --verbose=1
/root/.buildozer/android/platform/android-ndk-r25b-linux/toolchains/llvm/prebuilt/linux-x86_64/bin/clang --target=armv7-none-linux-androideabi19 --sysroot=/root/.buildozer/android/platform/android-ndk-r25b-linux/toolchains/llvm/prebuilt/linux-x86_64/sysroot -g -DANDROID -fdata-sections -ffunction-sections -funwind-tables -fstack-protector-strong -no-canonical-prefixes -D_FORTIFY_SOURCE=2 -march=armv7-a -mthumb -Wformat -Werror=format-security  -Wl,--version-script,/src/.buildozer/android/platform/build-armeabi-v7a/build/other_builds/jpeg/armeabi-v7a__ndk_target_21/jpeg/conftest.map -static-libstdc++ -Wl,--build-id=sha1 -Wl,--no-rosegment -Wl,--fatal-warnings -Wl,--gc-sections -Wl,--no-undefined -Qunused-arguments -Wl,--gc-sections   CMakeFiles/cmTC_e49b5.dir/src.c.o -o cmTC_e49b5  -latomic -lm 
make[1]: Leaving directory '/src/.buildozer/android/platform/build-armeabi-v7a/build/other_builds/jpeg/armeabi-v7a__ndk_target_21/jpeg/CMakeFiles/CMakeTmp'


Source file was:
int main(void) { return 0; }
Checking whether the ASM compiler is Clang using "--version" matched "(clang version)":
Android (8490178, based on r450784d) clang version 14.0.6 (https://android.googlesource.com/toolchain/llvm-project 4c603efb0cca074e9238af8b4106c30add4418f6)
Target: x86_64-unknown-linux-gnu
Thread model: posix
InstalledDir: /root/.buildozer/android/platform/android-ndk-r25b-linux/toolchains/llvm/prebuilt/linux-x86_64/bin
